<?xml version="1.0" encoding="UTF-8"?>
<!-- Generated by org.testng.reporters.JUnitReportReporter -->
<testsuite hostname="DESKTOP-KOU1F3M" failures="0" tests="1" name="com.qa.testcases.AddCustomerTest" time="2.564" errors="0" timestamp="2022-02-09T21:24:49 IST" skipped="0">
  <testcase classname="com.qa.testcases.AddCustomerTest" name="customerCreated" time="2.564"/>
  <system-out/>
</testsuite> <!-- com.qa.testcases.AddCustomerTest -->
