<?xml version="1.0" encoding="UTF-8"?>
<!-- Generated by org.testng.reporters.JUnitReportReporter -->
<testsuite hostname="DESKTOP-KOU1F3M" failures="0" tests="2" name="com.qa.testcases.LoginTest" time="1.526" errors="0" timestamp="2022-02-09T19:45:59 IST" skipped="1">
  <testcase classname="com.qa.testcases.LoginTest" name="verifyTitle" time="1.526"/>
  <system-out/>
  <testcase classname="com.qa.testcases.LoginTest" name="verifyReset">
    <skipped/>
  </testcase> <!-- verifyReset -->
  <system-out/>
</testsuite> <!-- com.qa.testcases.LoginTest -->
