<?xml version="1.0" encoding="UTF-8"?>
<!-- Generated by org.testng.reporters.JUnitReportReporter -->
<testsuite hostname="DESKTOP-KOU1F3M" failures="0" tests="2" name="com.qa.testcases.LoginTest" time="1.441" errors="0" timestamp="2022-02-09T16:45:25 IST" skipped="0">
  <testcase classname="com.qa.testcases.LoginTest" name="verifyRest" time="0.205"/>
  <system-out/>
  <testcase classname="com.qa.testcases.LoginTest" name="verifyTitle" time="1.236"/>
  <system-out/>
</testsuite> <!-- com.qa.testcases.LoginTest -->
