<?xml version="1.0" encoding="UTF-8"?>
<!-- Generated by org.testng.reporters.JUnitReportReporter -->
<testsuite hostname="DESKTOP-KOU1F3M" failures="0" tests="1" name="com.qa.testcases.LoginTest" time="0.031" errors="0" timestamp="2022-02-09T15:09:11 IST" skipped="0">
  <testcase classname="com.qa.testcases.LoginTest" name="verifyTitle" time="0.031"/>
  <system-out/>
</testsuite> <!-- com.qa.testcases.LoginTest -->
